<?xml version="1.0" ?>
<coverage version="7.6.0" timestamp="1732147260000" lines-valid="17" lines-covered="17" line-rate="1.0" branches-covered="0" branches-valid="0" branch-rate="0" complexity="0">
	<!-- Generated by coverage.py: https://coverage.readthedocs.io/en/7.6.0 -->
	<!-- Based on https://raw.githubusercontent.com/cobertura/web/master/htdocs/xml/coverage-04.dtd -->
	<!-- Coverage with all tests: baseline (19) + spec-guided (16) = 35 tests -->
	<sources>
		<source>/home/exercise3_minimal/src</source>
	</sources>
	<packages>
		<package name="." line-rate="1.0" branch-rate="0" complexity="0">
			<classes>
				<class name="__init__.py" filename="src/__init__.py" line-rate="1.0" branch-rate="0" complexity="0">
					<methods/>
					<lines/>
				</class>
				<class name="solutions.py" filename="src/solutions.py" line-rate="1.0" branch-rate="0" complexity="0">
					<methods/>
					<lines>
						<line number="1" hits="1"/>
						<line number="3" hits="1"/>
						<line number="4" hits="1"/>
						<line number="5" hits="1"/>
						<line number="6" hits="1"/>
						<line number="7" hits="1"/>
						<line number="8" hits="1"/>
						<line number="9" hits="1"/>
						<line number="10" hits="1"/>
						<line number="11" hits="1"/>
						<line number="12" hits="1"/>
						<line number="13" hits="1"/>
						<line number="16" hits="1"/>
						<line number="17" hits="1"/>
						<line number="18" hits="1"/>
						<line number="19" hits="1"/>
						<line number="20" hits="1"/>
					</lines>
				</class>
			</classes>
		</package>
	</packages>
</coverage>
